[u'i', u'me', u'my', u'myself', u'we', u'our', u'ours', u'ourselves', u'you', u"you're", u"you've", u"you'll", u"you'd", u'your', u'yours', u'yourself', u'yourselves', u'he', u'him', u'his', u'himself', u'she', u"she's", u'her', u'hers', u'herself', u'it', u"it's", u'its', u'itself', u'they', u'them', u'their', u'theirs', u'themselves', u'what', u'which', u'who', u'whom', u'this', u'that', u"that'll", u'these', u'those', u'am', u'is', u'are', u'was', u'were', u'be', u'been', u'being', u'have', u'has', u'had', u'having', u'do', u'does', u'did', u'doing', u'a', u'an', u'the', u'and', u'but', u'if', u'or', u'because', u'as', u'until', u'while', u'of', u'at', u'by', u'for', u'with', u'about', u'against', u'between', u'into', u'through', u'during', u'before', u'after', u'above', u'below', u'to', u'from', u'up', u'down', u'in', u'out', u'on', u'off', u'over', u'under', u'again', u'further', u'then', u'once', u'here', u'there', u'when', u'where', u'why', u'how', u'all', u'any', u'both', u'each', u'few', u'more', u'most', u'other', u'some', u'such', u'no', u'nor', u'not', u'only', u'own', u'same', u'so', u'than', u'too', u'very', u's', u't', u'can', u'will', u'just', u'don', u"don't", u'should', u"should've", u'now', u'd', u'll', u'm', u'o', u're', u've', u'y', u'ain', u'aren', u"aren't", u'couldn', u"couldn't", u'didn', u"didn't", u'doesn', u"doesn't", u'hadn', u"hadn't", u'hasn', u"hasn't", u'haven', u"haven't", u'isn', u"isn't", u'ma', u'mightn', u"mightn't", u'mustn', u"mustn't", u'needn', u"needn't", u'shan', u"shan't", u'shouldn', u"shouldn't", u'wasn', u"wasn't", u'weren', u"weren't", u'won', u"won't", u'wouldn', u"wouldn't"]
gjghtjk
['tiffanylue', 'i', 'know', 'i', 'was', 'listenin', 'to', 'bad', 'habit', 'earlier', 'and', 'i', 'started', 'freakin', 'at', 'his', 'part', '=[']
['layin', 'n', 'bed', 'with', 'a', 'headache', 'ughhhhwaitin', 'on', 'your', 'call']
['funeral', 'ceremonygloomy', 'friday']
['wants', 'to', 'hang', 'out', 'with', 'friends', 'soon!']
['dannycastillo', 'we', 'want', 'to', 'trade', 'with', 'someone', 'who', 'has', 'houston', 'tickets', 'but', 'no', 'one', 'will']
['re-pinging', 'ghostridah14:', 'why', 'didnt', 'you', 'go', 'to', 'prom?', 'bc', 'my', 'bf', 'didnt', 'like', 'my', 'friends']
['i', 'should', 'be', 'sleep', 'but', 'im', 'not!', 'thinking', 'about', 'an', 'old', 'friend', 'who', 'i', 'want', 'but', 'hes', 'married', 'now', 'damn', '&amp;', 'he', 'wants', 'me', '2!', 'scandalous!']
['hmmm', 'http:', 'wwwdjherocom', 'is', 'down']
['charviray', 'charlene', 'my', 'love', 'i', 'miss', 'you']
['kelcouch', 'im', 'sorry', 'at', 'least', 'its', 'friday?']
['cant', 'fall', 'asleep']
['choked', 'on', 'her', 'retainers']
['ugh!', 'i', 'have', 'to', 'beat', 'this', 'stupid', 'song', 'to', 'get', 'to', 'the', 'next', 'rude!']
['brodyjenner', 'if', 'u', 'watch', 'the', 'hills', 'in', 'london', 'u', 'will', 'realise', 'what', 'tourture', 'it', 'is', 'because', 'were', 'weeks', 'and', 'weeks', 'late', 'i', 'just', 'watch', 'itonlinelol']
['got', 'the', 'news']
['the', 'storm', 'is', 'here', 'and', 'the', 'electricity', 'is', 'gone']
['annarosekerr', 'agreed']
['so', 'sleepy', 'again', 'and', 'its', 'not', 'even', 'that', 'late', 'i', 'fail', 'once', 'again']
['perezhilton', 'lady', 'gaga', 'tweeted', 'about', 'not', 'being', 'impressed', 'by', 'her', 'video', 'leaking', 'just', 'so', 'you', 'know']
['how', 'are', 'you', 'convinced', 'that', 'i', 'have', 'always', 'wanted', 'you?', 'what', 'signals', 'did', 'i', 'give', 'offdamn', 'i', 'think', 'i', 'just', 'lost', 'another', 'friend']
['raaaaaaek', 'oh', 'too', 'bad!', 'i', 'hope', 'it', 'gets', 'better', 'ive', 'been', 'having', 'sleep', 'issues', 'lately', 'too']
['wondering', 'why', 'im', 'awake', 'at', '7am', 'writing', 'a', 'new', 'song', 'plotting', 'my', 'evil', 'secret', 'plots', 'muahahahaoh', 'damn', 'it', 'not', 'secret', 'anymore']
['no', 'topic', 'maps', 'talks', 'at', 'the', 'balisage', 'markup', 'conference', '2009', 'program', 'online', 'at', 'http:', 'trim', 'ml6z', '(via', 'bobdc)', '#topicmaps']
['i', 'ate', 'something', 'i', 'dont', 'know', 'what', 'it', 'is', 'why', 'do', 'i', 'keep', 'telling', 'things', 'about', 'food']
['so', 'tired', 'and', 'i', 'think', 'im', 'definitely', 'going', 'to', 'get', 'an', 'ear', 'infection', 'going', 'to', 'bed', '&quot;early&quot;', 'for', 'once']
['on', 'my', 'way', 'home', 'n', 'having', '2', 'deal', 'w', 'underage', 'girls', 'drinking', 'gin', 'on', 'da', 'bus', 'while', 'talking', 'bout', 'keggersdamn', 'i', 'feel', 'old']
['isaacmascote', 'im', 'sorry', 'people', 'are', 'so', 'rude', 'to', 'you', 'isaac', 'they', 'should', 'get', 'some', 'manners', 'and', 'know', 'better', 'than', 'to', 'be', 'so', 'lewd!']
['damm', 'servers', 'still', 'down', 'i', 'need', 'to', 'hit', '80', 'before', 'all', 'the', 'koxpers', 'pass', 'me']
['fudge', 'just', 'bsd', 'that', 'whole', 'paper', 'so', 'tired', 'ugh', 'i', 'hate', 'school', 'time', 'to', 'sleep!!!!!!!!!!!']
['i', 'hate', 'cancer', 'i', 'hate', 'it', 'i', 'hate', 'it', 'i', 'hate', 'it']
['it', 'is', 'so', 'annoying', 'when', 'she', 'starts', 'typing', 'on', 'her', 'computer', 'in', 'the', 'middle', 'of', 'the', 'night!']
['cynthia_123', 'i', 'cant', 'sleep']
['i', 'missed', 'the', 'bl***y', 'bus!!!!!!!!']
['feels', 'strong', 'contractions', 'but', 'wants', 'to', 'go', 'out', 'http:', 'plurkcom', 'p', 'wxidk']
['socal!', 'stoked', 'or', 'maybe', 'not', 'tomorrow']
['screw', 'you', 'davidbrussee!', 'i', 'only', 'have', '3', 'weeks']
['ether_radio', 'yeah', ':s', 'i', 'feel', 'all', 'funny', 'cause', 'i', 'havent', 'slept', 'enough', 'i', 'woke', 'my', 'mum', 'up', 'cause', 'i', 'was', 'singing', 'shes', 'not', 'impressed', ':s', 'you?']
['i', 'need', 'skott', 'right', 'now']
['has', 'work', 'this', 'afternoon']
['gabbyisactive', 'aw', 'you', 'would', 'not', 'unfollow', 'me', 'would', 'you?', 'then', 'i', 'would', 'cry']
['mmm', 'much', 'better', 'day', 'so', 'far!', 'its', 'still', 'quite', 'early', 'last', 'day', 'of', '#uds']
['davidarchie', '&lt;3', 'your', 'gonna', 'be', 'the', 'first', 'twitter', ';)', 'cause', 'your', 'amazing', 'lol', 'come', 'to', 'canada', 'would', 'do', 'anything', 'to', 'see', 'you', 'perform']
['just', 'picked', 'up', 'her', 'blackberry', 'from', 'the', 'middle', 'of', 'the', 'street!', 'both', 'she', 'and', 'it', 'are', 'crushed!']
['why', 'do', 'i', 'have', 'the', 'feeling', 'i', 'should', 'be', 'packing', 'and', 'hitting', 'for', 'sfo', 'around', 'this', 'time', 'of', 'the', 'year?', 'i', 'think', 'im', 'missing', 'something']
['creyes', 'middle', 'school', 'and', 'elem', 'high', 'schools', 'will', 'remain', 'open', 'for', 'those', 'who', 'need', 'credits', 'to', 'graduate', 'cali', 'is', 'broken']
['bed!!!!!', 'its', 'time', 'hope', 'i', 'go', 'to', 'school', 'tomorrow', 'all', 'though', 'i', 'dont', 'feel', 'very', 'well', 'right', 'now']
['onscrn', 'ahh', 'well', 'i', 'was', 'hoping', 'that', 'i', 'could', 'learn', 'some', 'stuff', 'on', 'the', 'way', 'why', 'not', 'you', 'and', 'i', 'work', 'on', 'separate', 'things', 'but', 'also']
['im', 'having', 'a', 'problem', 'with', 'my', 'photo', 'here', 'in', 'twitter', 'amf!!!cant', 'see', 'my', 'face!']
['jakeboyd', 'oh', 'noooo!', 'if', 'i', 'blow', 'a', 'tire', 'youre', 'reaaaally', 'going', 'to', 'have', 'to', 'send', 'up', 'some', 'batman', 'smoke']
['wnna', 'take', 'a', 'bath!!!!']
{'all': 0, 'sleep': 1, 'freakin': 2, 'talks': 29, 'tweeted': 4, 'hate': 5, 'issues': 6, 'hmmm': 7, 'electricity': 8, 'send': 47, 'to': 10, 'program': 11, 'offdamn': 12, 'sorry': 13, 'gabbyisactive': 14, '#topicmaps': 15, 'listenin': 59, 'song': 17, 'very': 18, 'fall': 19, 'telling': 20, 'drinking': 21, ':s': 22, 'tickets': 23, 'school': 24, 'did': 25, 'p': 26, 'havent': 27, 'tired': 28, 'go': 3, 'video': 30, 'picked': 31, 'pass': 32, 'even': 33, 'what': 34, 'new': 35, 'funeral': 36, 'crushed!': 64, 'here': 38, 'packing': 39, 'street!': 40, 'strong': 41, 'credits': 325, 'didnt': 66, 'smoke': 44, 'love': 45, 'muahahahaoh': 46, 'cynthia_123': 9, 'singing': 48, 'choked': 172, 'from': 50, 'would': 51, 'next': 52, 'cali': 53, 'call': 54, 'wondering': 55, 'started': 56, 'infection': 57, 'plurkcom': 58, 'me': 16, 'high': 60, 'this': 61, 'work': 62, 'remain': 63, 'learn': 37, 'ghostridah14:': 65, 'my': 43, 'http:': 67, 'far!': 68, 'give': 69, 'itonlinelol': 70, 'bus': 351, 'topic': 71, 'something': 72, 'want': 73, 'how': 93, 'amazing': 75, 'friday?': 272, 'fudge': 77, 'rude': 78, 'earlier': 79, 'a': 80, 'rude!': 81, 'maybe': 82, 'so': 83, 'houston': 84, 'trade': 85, 'koxpers': 86, 'paper': 87, 'london': 88, 'still': 89, 'its': 90, 'charlene': 91, 'before': 92, 'maps': 74, 'writing': 94, 'late': 95, '2!': 96, 'isaac': 97, 'keggersdamn': 98, 'weeks': 257, 'brodyjenner': 100, 'then': 101, 'someone': 102, 'food': 103, 'they': 104, 'schools': 296, 'now': 106, 'day': 107, 'always': 108, 'realise': 109, 'soon!': 111, 'married': 216, 'yeah': 113, '80': 114, 'out': 115, 'canada': 116, 'missed': 117, 'miss': 144, 'stupid': 219, 'got': 120, 'cause': 121, 'plotting': 122, 'bobdc)': 123, 'friday': 124, 'quite': 125, 'mmm': 126, 'bed!!!!!': 127, 'wanted': 128, 'charviray': 129, 'ate': 130, 'starts': 131, 'could': 132, 'keep': 133, 'w': 134, 'think': 135, 'first': 136, 'ceremonygloomy': 137, 'dont': 138, 'feel': 139, 'one': 140, 'retainers': 141, 'another': 142, 'ml6z': 143, 'open': 118, 'tomorrow': 145, 'isaacmascote': 146, 'slept': 147, 'girls': 148, 'least': 149, 'annarosekerr': 150, '2': 151, 'too': 152, 'storm': 153, 'typing': 154, 'socal!': 155, 'reaaaally': 156, 'friend': 157, 'headache': 158, 'that': 159, 'leaking': 160, 'part': 161, 'convinced': 162, 'than': 163, 'wwwdjherocom': 164, 'lewd!': 165, 'bed': 166, 'i': 167, 'were': 168, 'feeling': 169, 'and': 170, 'ughhhhwaitin': 171, 'well': 173, 'talking': 174, 'have': 175, 'ether_radio': 176, 'need': 177, 'screw': 178, 'bl***y': 179, 'creyes': 180, 'also': 181, 'take': 182, 'bad!': 183, 'online': 184, 'though': 185, 'who': 186, 'scandalous!': 187, 'sfo': 188, 'bsd': 189, 'why': 190, '7am': 191, '&lt;3': 192, 'davidbrussee!': 193, 'night!': 194, 'definitely': 195, 'not!': 196, 'ugh': 197, 'perezhilton': 198, 'agreed': 199, 'ugh!': 200, 'tire': 201, '3': 202, '=[': 203, 'should': 204, 'only': 205, 'going': 206, 'he': 358, 'hope': 207, 'do': 208, 'his': 209, 'hit': 210, 'get': 211, 'beat': 212, 'watch': 213, 'da': 214, 'feels': 215, 'cry': 112, '(via': 217, 'bad': 218, 'stuff': 119, 'wxidk': 220, 'she': 221, 'habit': 222, '&amp;': 49, 'amf!!!cant': 223, 'see': 224, 'computer': 225, 'asleep': 226, 'are': 227, 'fail': 228, 'face!': 229, 'enough': 230, 'gaga': 231, 'mum': 232, 'we': 233, 'davidarchie': 234, 'missing': 235, 'news': 237, 'come': 238, 'both': 239, 'last': 240, 'whole': 241, 'cancer': 242, 'manners': 243, 'conference': 244, 'better': 245, 'underage': 246, 'been': 247, 'hitting': 248, 'secret': 249, 'much': 250, 'damn': 251, 'damm': 252, 'woke': 253, 'wants': 254, 'noooo!': 255, 'awake': 256, 'bout': 99, 'those': 258, 'n': 259, 'will': 260, 'while': 261, 'ive': 262, 'hoping': 263, 'is': 264, 'it': 265, 'middle': 266, 'cant': 267, 'year?': 268, 'im': 269, 'in': 270, 'prom?': 271, 'if': 76, 'funny': 273, 'anymore': 274, '#uds': 275, 'perform': 276, 'things': 277, 'gets': 278, '&quot;early&quot;': 279, 'hang': 280, 'evil': 281, 'jakeboyd': 282, 're-pinging': 283, 'tourture': 284, 'markup': 285, 'youre': 286, 'skott': 287, 'elem': 288, 'bus!!!!!!!!': 289, 'the': 290, 'just': 291, 'being': 292, 'photo': 293, 'unfollow': 294, 'sleepy': 295, 'not': 105, 'lately': 372, 'blow': 298, 'hills': 299, 'thinking': 300, 'signals': 301, 'balisage': 302, 'has': 303, 'around': 304, 'gonna': 305, 'early': 306, 'know': 307, 'lady': 308, 'dannycastillo': 309, 'like': 310, 'lost': 311, 'blackberry': 312, 'right': 341, 'old': 314, 'deal': 315, 'people': 316, 'twitter': 317, 'some': 318, 'shes': 319, 'home': 320, 'for': 321, 'be': 322, 'bf': 323, 'bc': 324, 'broken': 42, 'plots': 326, ';)': 327, 'by': 328, 'on': 329, 'about': 330, 'anything': 331, 'oh': 332, 'of': 333, 'afternoon': 334, 'stoked': 335, 'or': 336, 'contractions': 337, 'ahh': 338, 'servers': 339, 'down': 340, 'because': 313, 'sleep!!!!!!!!!!!': 342, 'your': 343, 'impressed': 344, 'her': 345, 'hes': 346, 'lol': 347, 'way': 348, 'gin': 349, 'was': 350, 'batman': 236, 'kelcouch': 352, 'but': 353, 'you?': 354, 'tiffanylue': 355, 'ear': 356, 'with': 357, 'raaaaaaek': 110, 'layin': 359, 'up': 360, 'bath!!!!': 361, 'problem': 362, 'trim': 363, 'gone': 364, 'an': 365, 'at': 366, 'aw': 367, 'annoying': 368, 'again': 369, 'no': 370, 'when': 371, 'graduate': 297, 'onscrn': 373, 'you': 374, 'separate': 375, 'wnna': 376, 'friends': 377, 'u': 378, 'time': 379, '2009': 380, 'having': 381, 'once': 382}
{0: 'all', 1: 'sleep', 2: 'freakin', 3: 'go', 4: 'tweeted', 5: 'hate', 6: 'issues', 7: 'hmmm', 8: 'electricity', 9: 'cynthia_123', 10: 'to', 11: 'program', 12: 'offdamn', 13: 'sorry', 14: 'gabbyisactive', 15: '#topicmaps', 16: 'me', 17: 'song', 18: 'very', 19: 'fall', 20: 'telling', 21: 'drinking', 22: ':s', 23: 'tickets', 24: 'school', 25: 'did', 26: 'p', 27: 'havent', 28: 'tired', 29: 'talks', 30: 'video', 31: 'picked', 32: 'pass', 33: 'even', 34: 'what', 35: 'new', 36: 'funeral', 37: 'learn', 38: 'here', 39: 'packing', 40: 'street!', 41: 'strong', 42: 'broken', 43: 'my', 44: 'smoke', 45: 'love', 46: 'muahahahaoh', 47: 'send', 48: 'singing', 49: '&amp;', 50: 'from', 51: 'would', 52: 'next', 53: 'cali', 54: 'call', 55: 'wondering', 56: 'started', 57: 'infection', 58: 'plurkcom', 59: 'listenin', 60: 'high', 61: 'this', 62: 'work', 63: 'remain', 64: 'crushed!', 65: 'ghostridah14:', 66: 'didnt', 67: 'http:', 68: 'far!', 69: 'give', 70: 'itonlinelol', 71: 'topic', 72: 'something', 73: 'want', 74: 'maps', 75: 'amazing', 76: 'if', 77: 'fudge', 78: 'rude', 79: 'earlier', 80: 'a', 81: 'rude!', 82: 'maybe', 83: 'so', 84: 'houston', 85: 'trade', 86: 'koxpers', 87: 'paper', 88: 'london', 89: 'still', 90: 'its', 91: 'charlene', 92: 'before', 93: 'how', 94: 'writing', 95: 'late', 96: '2!', 97: 'isaac', 98: 'keggersdamn', 99: 'bout', 100: 'brodyjenner', 101: 'then', 102: 'someone', 103: 'food', 104: 'they', 105: 'not', 106: 'now', 107: 'day', 108: 'always', 109: 'realise', 110: 'raaaaaaek', 111: 'soon!', 112: 'cry', 113: 'yeah', 114: '80', 115: 'out', 116: 'canada', 117: 'missed', 118: 'open', 119: 'stuff', 120: 'got', 121: 'cause', 122: 'plotting', 123: 'bobdc)', 124: 'friday', 125: 'quite', 126: 'mmm', 127: 'bed!!!!!', 128: 'wanted', 129: 'charviray', 130: 'ate', 131: 'starts', 132: 'could', 133: 'keep', 134: 'w', 135: 'think', 136: 'first', 137: 'ceremonygloomy', 138: 'dont', 139: 'feel', 140: 'one', 141: 'retainers', 142: 'another', 143: 'ml6z', 144: 'miss', 145: 'tomorrow', 146: 'isaacmascote', 147: 'slept', 148: 'girls', 149: 'least', 150: 'annarosekerr', 151: '2', 152: 'too', 153: 'storm', 154: 'typing', 155: 'socal!', 156: 'reaaaally', 157: 'friend', 158: 'headache', 159: 'that', 160: 'leaking', 161: 'part', 162: 'convinced', 163: 'than', 164: 'wwwdjherocom', 165: 'lewd!', 166: 'bed', 167: 'i', 168: 'were', 169: 'feeling', 170: 'and', 171: 'ughhhhwaitin', 172: 'choked', 173: 'well', 174: 'talking', 175: 'have', 176: 'ether_radio', 177: 'need', 178: 'screw', 179: 'bl***y', 180: 'creyes', 181: 'also', 182: 'take', 183: 'bad!', 184: 'online', 185: 'though', 186: 'who', 187: 'scandalous!', 188: 'sfo', 189: 'bsd', 190: 'why', 191: '7am', 192: '&lt;3', 193: 'davidbrussee!', 194: 'night!', 195: 'definitely', 196: 'not!', 197: 'ugh', 198: 'perezhilton', 199: 'agreed', 200: 'ugh!', 201: 'tire', 202: '3', 203: '=[', 204: 'should', 205: 'only', 206: 'going', 207: 'hope', 208: 'do', 209: 'his', 210: 'hit', 211: 'get', 212: 'beat', 213: 'watch', 214: 'da', 215: 'feels', 216: 'married', 217: '(via', 218: 'bad', 219: 'stupid', 220: 'wxidk', 221: 'she', 222: 'habit', 223: 'amf!!!cant', 224: 'see', 225: 'computer', 226: 'asleep', 227: 'are', 228: 'fail', 229: 'face!', 230: 'enough', 231: 'gaga', 232: 'mum', 233: 'we', 234: 'davidarchie', 235: 'missing', 236: 'batman', 237: 'news', 238: 'come', 239: 'both', 240: 'last', 241: 'whole', 242: 'cancer', 243: 'manners', 244: 'conference', 245: 'better', 246: 'underage', 247: 'been', 248: 'hitting', 249: 'secret', 250: 'much', 251: 'damn', 252: 'damm', 253: 'woke', 254: 'wants', 255: 'noooo!', 256: 'awake', 257: 'weeks', 258: 'those', 259: 'n', 260: 'will', 261: 'while', 262: 'ive', 263: 'hoping', 264: 'is', 265: 'it', 266: 'middle', 267: 'cant', 268: 'year?', 269: 'im', 270: 'in', 271: 'prom?', 272: 'friday?', 273: 'funny', 274: 'anymore', 275: '#uds', 276: 'perform', 277: 'things', 278: 'gets', 279: '&quot;early&quot;', 280: 'hang', 281: 'evil', 282: 'jakeboyd', 283: 're-pinging', 284: 'tourture', 285: 'markup', 286: 'youre', 287: 'skott', 288: 'elem', 289: 'bus!!!!!!!!', 290: 'the', 291: 'just', 292: 'being', 293: 'photo', 294: 'unfollow', 295: 'sleepy', 296: 'schools', 297: 'graduate', 298: 'blow', 299: 'hills', 300: 'thinking', 301: 'signals', 302: 'balisage', 303: 'has', 304: 'around', 305: 'gonna', 306: 'early', 307: 'know', 308: 'lady', 309: 'dannycastillo', 310: 'like', 311: 'lost', 312: 'blackberry', 313: 'because', 314: 'old', 315: 'deal', 316: 'people', 317: 'twitter', 318: 'some', 319: 'shes', 320: 'home', 321: 'for', 322: 'be', 323: 'bf', 324: 'bc', 325: 'credits', 326: 'plots', 327: ';)', 328: 'by', 329: 'on', 330: 'about', 331: 'anything', 332: 'oh', 333: 'of', 334: 'afternoon', 335: 'stoked', 336: 'or', 337: 'contractions', 338: 'ahh', 339: 'servers', 340: 'down', 341: 'right', 342: 'sleep!!!!!!!!!!!', 343: 'your', 344: 'impressed', 345: 'her', 346: 'hes', 347: 'lol', 348: 'way', 349: 'gin', 350: 'was', 351: 'bus', 352: 'kelcouch', 353: 'but', 354: 'you?', 355: 'tiffanylue', 356: 'ear', 357: 'with', 358: 'he', 359: 'layin', 360: 'up', 361: 'bath!!!!', 362: 'problem', 363: 'trim', 364: 'gone', 365: 'an', 366: 'at', 367: 'aw', 368: 'annoying', 369: 'again', 370: 'no', 371: 'when', 372: 'lately', 373: 'onscrn', 374: 'you', 375: 'separate', 376: 'wnna', 377: 'friends', 378: 'u', 379: 'time', 380: '2009', 381: 'having', 382: 'once'}
Processed lines.
[355, 167, 307, 167, 350, 59, 10, 218, 222, 79, 170, 167, 56, 2, 366, 209, 161, 203, 359, 259, 166, 357, 80, 158, 171, 329, 343, 54, 36, 137, 124, 254, 10, 280, 115, 357, 377, 111, 309, 233, 73, 10, 85, 357, 102, 186, 303, 84, 23, 353, 370, 140, 260, 283, 65, 190, 66, 374, 3, 10, 271, 324, 43, 323, 66, 310, 43, 377, 167, 204, 322, 1, 353, 269, 196, 300, 330, 365, 314, 157, 186, 167, 73, 353, 346, 216, 106, 251, 49, 358, 254, 16, 96, 187, 7, 67, 164, 264, 340, 129, 91, 43, 45, 167, 144, 374, 352, 269, 13, 366, 149, 90, 272, 267, 19, 226, 172, 329, 345, 141, 200, 167, 175, 10, 212, 61, 219, 17, 10, 211, 10, 290, 52, 81, 100, 76, 378, 213, 290, 299, 270, 88, 378, 260, 109, 34, 284, 265, 264, 313, 168, 257, 170, 257, 95, 167, 291, 213, 70, 120, 290, 237, 290, 153, 264, 38, 170, 290, 8, 264, 364, 150, 199, 83, 295, 369, 170, 90, 105, 33, 159, 95, 167, 228, 382, 369, 198, 308, 231, 4, 330, 105, 292, 344, 328, 345, 30, 160, 291, 83, 374, 307, 93, 227, 374, 162, 159, 167, 175, 108, 128, 354, 34, 301, 25, 167, 69, 12, 167, 135, 167, 291, 311, 142, 157, 110, 332, 152, 183, 167, 207, 265, 278, 245, 262, 247, 381, 1, 6, 372, 152, 55, 190, 269, 256, 366, 191, 94, 80, 35, 17, 122, 43, 281, 249, 326, 46, 251, 265, 105, 249, 274, 370, 71, 74, 29, 366, 290, 302, 285, 244, 380, 11, 184, 366, 67, 363, 143, 217, 123, 15, 167, 130, 72, 167, 138, 307, 34, 265, 264, 190, 208, 167, 133, 20, 277, 330, 103, 83, 28, 170, 167, 135, 269, 195, 206, 10, 211, 365, 356, 57, 206, 10, 166, 279, 321, 382, 329, 43, 348, 320, 259, 381, 151, 315, 134, 246, 148, 21, 349, 329, 214, 351, 261, 174, 99, 98, 167, 139, 314, 146, 269, 13, 316, 227, 83, 78, 10, 374, 97, 104, 204, 211, 318, 243, 170, 307, 245, 163, 10, 322, 83, 165, 252, 339, 89, 340, 167, 177, 10, 210, 114, 92, 0, 290, 86, 32, 16, 77, 291, 189, 159, 241, 87, 83, 28, 197, 167, 5, 24, 379, 10, 342, 167, 5, 242, 167, 5, 265, 167, 5, 265, 167, 5, 265, 265, 264, 83, 368, 371, 221, 131, 154, 329, 345, 225, 270, 290, 266, 333, 290, 194, 9, 167, 267, 1, 167, 117, 290, 179, 289, 215, 41, 337, 353, 254, 10, 3, 115, 67, 58, 26, 220, 155, 335, 336, 82, 105, 145, 178, 374, 193, 167, 205, 175, 202, 257, 176, 113, 22, 167, 139, 0, 273, 121, 167, 27, 147, 230, 167, 253, 43, 232, 360, 121, 167, 350, 48, 319, 105, 344, 22, 354, 167, 177, 287, 341, 106, 303, 62, 61, 334, 14, 367, 374, 51, 105, 294, 16, 51, 354, 101, WARNING:tensorflow:From parsing.py:267: calling reduce_sum (from tensorflow.python.ops.math_ops) with keep_dims is deprecated and will be removed in a future version.
Instructions for updating:
keep_dims is deprecated, use keepdims instead
WARNING:tensorflow:From /usr/local/lib/python2.7/dist-packages/tensorflow/python/util/tf_should_use.py:118: initialize_all_variables (from tensorflow.python.ops.variables) is deprecated and will be removed after 2017-03-02.
Instructions for updating:
Use `tf.global_variables_initializer` instead.
2018-11-06 05:38:16.168253: I tensorflow/stream_executor/cuda/cuda_gpu_executor.cc:898] successful NUMA node read from SysFS had negative value (-1), but there must be at least one NUMA node, so returning NUMA node zero
2018-11-06 05:38:16.168876: I tensorflow/core/common_runtime/gpu/gpu_device.cc:1356] Found device 0 with properties: 
name: GeForce 940MX major: 5 minor: 0 memoryClockRate(GHz): 1.189
pciBusID: 0000:01:00.0
totalMemory: 3.95GiB freeMemory: 3.45GiB
2018-11-06 05:38:16.168897: I tensorflow/core/common_runtime/gpu/gpu_device.cc:1435] Adding visible gpu devices: 0
2018-11-06 05:38:16.405337: I tensorflow/core/common_runtime/gpu/gpu_device.cc:923] Device interconnect StreamExecutor with strength 1 edge matrix:
2018-11-06 05:38:16.405385: I tensorflow/core/common_runtime/gpu/gpu_device.cc:929]      0 
2018-11-06 05:38:16.405396: I tensorflow/core/common_runtime/gpu/gpu_device.cc:942] 0:   N 
2018-11-06 05:38:16.405581: I tensorflow/core/common_runtime/gpu/gpu_device.cc:1053] Created TensorFlow device (/job:localhost/replica:0/task:0/device:GPU:0 with 3181 MB memory) -> physical GPU (device: 0, name: GeForce 940MX, pci bus id: 0000:01:00.0, compute capability: 5.0)
167, 51, 112, 126, 250, 245, 107, 83, 68, 90, 89, 125, 306, 240, 107, 333, 275, 234, 192, 343, 305, 322, 290, 136, 317, 327, 121, 343, 75, 347, 238, 10, 116, 51, 208, 331, 10, 224, 374, 276, 291, 31, 360, 345, 312, 50, 290, 266, 333, 290, 40, 239, 221, 170, 265, 227, 64, 190, 208, 167, 175, 290, 169, 167, 204, 322, 39, 170, 248, 321, 188, 304, 61, 379, 333, 290, 268, 167, 135, 269, 235, 72, 180, 266, 24, 170, 288, 60, 296, 260, 63, 118, 321, 258, 186, 177, 325, 10, 297, 53, 264, 42, 127, 90, 379, 207, 167, 3, 10, 24, 145, 0, 185, 167, 138, 139, 18, 173, 341, 106, 373, 338, 173, 167, 350, 263, 159, 167, 132, 37, 318, 119, 329, 290, 348, 190, 105, 374, 170, 167, 62, 329, 375, 277, 353, 181, 269, 381, 80, 362, 357, 43, 293, 38, 270, 317, 223, 224, 43, 229, 282, 332, 255, 76, 167, 298, 80, 201, 286, 156, 206, 10, 175, 10, 47, 360, 318, 236, 44, 376, 182, 80, 361]
[167 167 307 307 167 167 350 350]
(167, 'i', '->', 307, 'know')
(167, 'i', '->', 355, 'tiffanylue')
(307, 'know', '->', 167, 'i')
(307, 'know', '->', 167, 'i')
(167, 'i', '->', 307, 'know')
(167, 'i', '->', 350, 'was')
(350, 'was', '->', 59, 'listenin')
(350, 'was', '->', 167, 'i')
initialized.
('Average loss at step ', 0, ': ', 379.418212890625)
('Average loss at step ', 2000, ': ', 213.7143443031311)
('Average loss at step ', 4000, ': ', 155.02163987350463)
('Average loss at step ', 6000, ': ', 131.39413115310668)
('Average loss at step ', 8000, ': ', 114.40095549297332)
('Average loss at step ', 10000, ': ', 104.36813465976715)
('Average loss at step ', 12000, ': ', 93.46911246919632)
('Average loss at step ', 14000, ': ', 86.37967308807373)
('Average loss at step ', 16000, ': ', 81.0433546385765)
('Average loss at step ', 18000, ': ', 74.64627252575755)
('Average loss at step ', 20000, ': ', 70.02104411625862)
('Average loss at step ', 22000, ': ', 64.0570782495737)
('Average loss at step ', 24000, ': ', 60.848164077937604)
('Average loss at step ', 26000, ': ', 57.69964924490452)
('Average loss at step ', 28000, ': ', 55.10245312929153)
('Average loss at step ', 30000, ': ', 51.24576942108572)
('Average loss at step ', 32000, ': ', 49.47013916353881)
('Average loss at step ', 34000, ': ', 45.53256305594742)
('Average loss at step ', 36000, ': ', 43.26219443684816)
('Average loss at step ', 38000, ': ', 42.025805497556924)
('Average loss at step ', 40000, ': ', 39.87282806806266)
('Average loss at step ', 42000, ': ', 36.89194051835686)
('Average loss at step ', 44000, ': ', 35.86199409294129)
('Average loss at step ', 46000, ': ', 34.91876705119014)
('Average loss at step ', 48000, ': ', 32.784367785409096)
('Average loss at step ', 50000, ': ', 32.29870833936334)
('Average loss at step ', 52000, ': ', 30.804544953644275)
('Average loss at step ', 54000, ': ', 29.272015108808876)
('Average loss at step ', 56000, ': ', 27.454435694620013)
('Average loss at step ', 58000, ': ', 25.82205816350877)
('Average loss at step ', 60000, ': ', 25.32195301373303)
('Average loss at step ', 62000, ': ', 24.31150218516588)
('Average loss at step ', 64000, ': ', 23.100197889894247)
('Average loss at step ', 66000, ': ', 22.720646798714995)
('Average loss at step ', 68000, ': ', 21.847823963776232)
('Average loss at step ', 70000, ': ', 21.363148392498495)
('Average loss at step ', 72000, ': ', 20.527212446019053)
('Average loss at step ', 74000, ': ', 19.39659862443805)
('Average loss at step ', 76000, ': ', 18.88815949562192)
('Average loss at step ', 78000, ': ', 17.885060166180132)
('Average loss at step ', 80000, ': ', 17.103501348257065)
('Average loss at step ', 82000, ': ', 16.925968799889088)
('Average loss at step ', 84000, ': ', 16.454403160333634)
('Average loss at step ', 86000, ': ', 16.106479097515344)
('Average loss at step ', 88000, ': ', 14.642310973718763)
('Average loss at step ', 90000, ': ', 14.914416116133332)
('Average loss at step ', 92000, ': ', 14.014435201972724)
('Average loss at step ', 94000, ': ', 13.322929174497723)
('Average loss at step ', 96000, ': ', 13.068404738619924)
('Average loss at step ', 98000, ': ', 12.423324747793377)
Traceback (most recent call last):
  File "parsing.py", line 308, in <module>
    tf.train.Saver.save(session, 'my_test_model'+str(step),global_step=1000)
TypeError: unbound method save() must be called with Saver instance as first argument (got Session instance instead)
